This is pdfTeX, Version 3.141592653-2.6-1.40.25 (MiKTeX 23.10) (preloaded format=pdflatex 2023.10.10)  11 OCT 2023 07:41
entering extended mode
 restricted \write18 enabled.
 %&-line parsing enabled.
**./Tarea1_Rivera_Plascencia_Bryan_2BM2.tex
(Tarea1_Rivera_Plascencia_Bryan_2BM2.tex
LaTeX2e <2023-06-01> patch level 1
L3 programming layer <2023-08-29>
(C:\Users\bryan\AppData\Local\Programs\MiKTeX\tex/latex/base\article.cls
Document Class: article 2023/05/17 v1.4n Standard LaTeX document class
(C:\Users\bryan\AppData\Local\Programs\MiKTeX\tex/latex/base\size10.clo
File: size10.clo 2023/05/17 v1.4n Standard LaTeX file (size option)
)
\c@part=\count185
\c@section=\count186
\c@subsection=\count187
\c@subsubsection=\count188
\c@paragraph=\count189
\c@subparagraph=\count190
\c@figure=\count191
\c@table=\count192
\abovecaptionskip=\skip48
\belowcaptionskip=\skip49
\bibindent=\dimen140
)
(C:\Users\bryan\AppData\Local\Programs\MiKTeX\tex/latex/graphics\graphicx.sty
Package: graphicx 2021/09/16 v1.2d Enhanced LaTeX Graphics (DPC,SPQR)

(C:\Users\bryan\AppData\Local\Programs\MiKTeX\tex/latex/graphics\keyval.sty
Package: keyval 2022/05/29 v1.15 key=value parser (DPC)
\KV@toks@=\toks17
)
(C:\Users\bryan\AppData\Local\Programs\MiKTeX\tex/latex/graphics\graphics.sty
Package: graphics 2022/03/10 v1.4e Standard LaTeX Graphics (DPC,SPQR)

(C:\Users\bryan\AppData\Local\Programs\MiKTeX\tex/latex/graphics\trig.sty
Package: trig 2021/08/11 v1.11 sin cos tan (DPC)
)
(C:\Users\bryan\AppData\Local\Programs\MiKTeX\tex/latex/graphics-cfg\graphics.c
fg
File: graphics.cfg 2016/06/04 v1.11 sample graphics configuration
)
Package graphics Info: Driver file: pdftex.def on input line 107.

(C:\Users\bryan\AppData\Local\Programs\MiKTeX\tex/latex/graphics-def\pdftex.def
File: pdftex.def 2022/09/22 v1.2b Graphics/color driver for pdftex
))
\Gin@req@height=\dimen141
\Gin@req@width=\dimen142
)
(C:\Users\bryan\AppData\Local\Programs\MiKTeX\tex/latex/listings\listings.sty
\lst@mode=\count193
\lst@gtempboxa=\box51
\lst@token=\toks18
\lst@length=\count194
\lst@currlwidth=\dimen143
\lst@column=\count195
\lst@pos=\count196
\lst@lostspace=\dimen144
\lst@width=\dimen145
\lst@newlines=\count197
\lst@lineno=\count198
\lst@maxwidth=\dimen146

(C:\Users\bryan\AppData\Local\Programs\MiKTeX\tex/latex/listings\lstmisc.sty
File: lstmisc.sty 2023/02/27 1.9 (Carsten Heinz)
\c@lstnumber=\count199
\lst@skipnumbers=\count266
\lst@framebox=\box52
)
(C:\Users\bryan\AppData\Local\Programs\MiKTeX\tex/latex/listings\listings.cfg
File: listings.cfg 2023/02/27 1.9 listings configuration
))
Package: listings 2023/02/27 1.9 (Carsten Heinz)

(C:\Users\bryan\AppData\Local\Programs\MiKTeX\tex/latex/l3backend\l3backend-pdf
tex.def
File: l3backend-pdftex.def 2023-04-19 L3 backend support: PDF output (pdfTeX)
\l__color_backend_stack_int=\count267
\l__pdf_internal_box=\box53
) (Tarea1_Rivera_Plascencia_Bryan_2BM2.aux)
\openout1 = `Tarea1_Rivera_Plascencia_Bryan_2BM2.aux'.

LaTeX Font Info:    Checking defaults for OML/cmm/m/it on input line 9.
LaTeX Font Info:    ... okay on input line 9.
LaTeX Font Info:    Checking defaults for OMS/cmsy/m/n on input line 9.
LaTeX Font Info:    ... okay on input line 9.
LaTeX Font Info:    Checking defaults for OT1/cmr/m/n on input line 9.
LaTeX Font Info:    ... okay on input line 9.
LaTeX Font Info:    Checking defaults for T1/cmr/m/n on input line 9.
LaTeX Font Info:    ... okay on input line 9.
LaTeX Font Info:    Checking defaults for TS1/cmr/m/n on input line 9.
LaTeX Font Info:    ... okay on input line 9.
LaTeX Font Info:    Checking defaults for OMX/cmex/m/n on input line 9.
LaTeX Font Info:    ... okay on input line 9.
LaTeX Font Info:    Checking defaults for U/cmr/m/n on input line 9.
LaTeX Font Info:    ... okay on input line 9.

(C:\Users\bryan\AppData\Local\Programs\MiKTeX\tex/context/base/mkii\supp-pdf.mk
ii
[Loading MPS to PDF converter (version 2006.09.02).]
\scratchcounter=\count268
\scratchdimen=\dimen147
\scratchbox=\box54
\nofMPsegments=\count269
\nofMParguments=\count270
\everyMPshowfont=\toks19
\MPscratchCnt=\count271
\MPscratchDim=\dimen148
\MPnumerator=\count272
\makeMPintoPDFobject=\count273
\everyMPtoPDFconversion=\toks20
)
(C:\Users\bryan\AppData\Local\Programs\MiKTeX\tex/latex/epstopdf-pkg\epstopdf-b
ase.sty
Package: epstopdf-base 2020-01-24 v2.11 Base part for package epstopdf
Package epstopdf-base Info: Redefining graphics rule for `.eps' on input line 4
85.

(C:\Users\bryan\AppData\Local\Programs\MiKTeX\tex/latex/00miktex\epstopdf-sys.c
fg
File: epstopdf-sys.cfg 2021/03/18 v2.0 Configuration of epstopdf for MiKTeX
))
\c@lstlisting=\count274
LaTeX Font Info:    External font `cmex10' loaded for size
(Font)              <12> on input line 11.
LaTeX Font Info:    External font `cmex10' loaded for size
(Font)              <8> on input line 11.
LaTeX Font Info:    External font `cmex10' loaded for size
(Font)              <6> on input line 11.
 [1

{C:/Users/bryan/AppData/Local/MiKTeX/fonts/map/pdftex/pdftex.map}]
Underfull \hbox (badness 10000) in paragraph at lines 23--28

 []

(C:\Users\bryan\AppData\Local\Programs\MiKTeX\tex/latex/listings\lstlang1.sty
File: lstlang1.sty 2023/02/27 1.9 listings language file
)
(C:\Users\bryan\AppData\Local\Programs\MiKTeX\tex/latex/listings\lstmisc.sty
File: lstmisc.sty 2023/02/27 1.9 (Carsten Heinz)
)
LaTeX Font Info:    Trying to load font information for OML+cmr on input line 3
2.

(C:\Users\bryan\AppData\Local\Programs\MiKTeX\tex/latex/base\omlcmr.fd
File: omlcmr.fd 2023/04/13 v2.5m Standard LaTeX font definitions
)
LaTeX Font Info:    Font shape `OML/cmr/m/n' in size <10> not available
(Font)              Font shape `OML/cmm/m/it' tried instead on input line 32.
LaTeX Font Info:    Trying to load font information for OMS+cmr on input line 3
4.

(C:\Users\bryan\AppData\Local\Programs\MiKTeX\tex/latex/base\omscmr.fd
File: omscmr.fd 2023/04/13 v2.5m Standard LaTeX font definitions
)
LaTeX Font Info:    Font shape `OMS/cmr/m/n' in size <10> not available
(Font)              Font shape `OMS/cmsy/m/n' tried instead on input line 34.

Overfull \hbox (75.00427pt too wide) in paragraph at lines 40--41
[][][][][][][][][][][][][][][][][][][][][][][][][][][] 
 []


Overfull \hbox (39.0039pt too wide) in paragraph at lines 41--43
[][][][][][][][][][][][][][][][][][][][][][][][][][][][][] 
 []


Overfull \hbox (57.00409pt too wide) in paragraph at lines 44--45
[][][][][][][][][][][][][][][][][][][][][][][][] 
 []


Overfull \hbox (123.00476pt too wide) in paragraph at lines 46--47
[][][][][][][][][][][][][][][][][][][][][] 
 []

[2]
Overfull \hbox (81.00433pt too wide) in paragraph at lines 60--61
[][][][][][][][][][][][][][][][][][][][][][] 
 []


Underfull \hbox (badness 10000) in paragraph at lines 85--88

 []


Underfull \hbox (badness 10000) in paragraph at lines 90--94

 []

[3]
Underfull \hbox (badness 10000) in paragraph at lines 96--101

 []


Underfull \hbox (badness 10000) in paragraph at lines 103--106

 []

<C:/Users/bryan/Downloads/quick1.jpg, id=21, 375.65344pt x 511.9125pt>
File: C:/Users/bryan/Downloads/quick1.jpg Graphic file (type jpg)
<use C:/Users/bryan/Downloads/quick1.jpg>
Package pdftex.def Info: C:/Users/bryan/Downloads/quick1.jpg  used on input lin
e 111.
(pdftex.def)             Requested size: 207.0021pt x 282.09172pt.

LaTeX Warning: `h' float specifier changed to `ht'.

<C:/Users/bryan/Downloads/quick2.jpg, id=22, 383.93437pt x 293.59688pt>
File: C:/Users/bryan/Downloads/quick2.jpg Graphic file (type jpg)
<use C:/Users/bryan/Downloads/quick2.jpg>
Package pdftex.def Info: C:/Users/bryan/Downloads/quick2.jpg  used on input lin
e 117.
(pdftex.def)             Requested size: 241.49895pt x 184.68028pt.
[4]

LaTeX Warning: Text page 5 contains only floats.


Overfull \vbox (0.66089pt too high) has occurred while \output is active []


[5 <C:/Users/bryan/Downloads/quick1.jpg> <C:/Users/bryan/Downloads/quick2.jpg>]

Underfull \hbox (badness 10000) in paragraph at lines 126--131

 []


Overfull \hbox (9.0036pt too wide) in paragraph at lines 144--145
[][][][][][][][][][][][][][][][][][][][][][][][] 
 []


Overfull \hbox (111.00464pt too wide) in paragraph at lines 150--151
[][][][][][][][][][][][][][][][][][][][][][][][][][][] 
 []


Overfull \hbox (15.00366pt too wide) in paragraph at lines 165--166
[][][][][][][][][][][][][][][][][][][][][][][] 
 []

[6]
Overfull \hbox (15.00366pt too wide) in paragraph at lines 172--173
[][][][][][][][][][][][][][][][][][][][][][][] 
 []

[7]
Underfull \hbox (badness 10000) in paragraph at lines 217--218

 []


Underfull \hbox (badness 10000) in paragraph at lines 220--223

 []


Underfull \hbox (badness 10000) in paragraph at lines 225--227

 []

[8]
<C:/Users/bryan/Downloads/merge1.jpg, id=39, 344.78813pt x 304.13625pt>
File: C:/Users/bryan/Downloads/merge1.jpg Graphic file (type jpg)
<use C:/Users/bryan/Downloads/merge1.jpg>
Package pdftex.def Info: C:/Users/bryan/Downloads/merge1.jpg  used on input lin
e 231.
(pdftex.def)             Requested size: 241.49895pt x 213.02849pt.
<C:/Users/bryan/Downloads/merge2.jpg, id=40, 377.15906pt x 381.67593pt>
File: C:/Users/bryan/Downloads/merge2.jpg Graphic file (type jpg)
<use C:/Users/bryan/Downloads/merge2.jpg>
Package pdftex.def Info: C:/Users/bryan/Downloads/merge2.jpg  used on input lin
e 237.
(pdftex.def)             Requested size: 241.49895pt x 244.38824pt.
 [9 <C:/Users/bryan/Downloads/merge1.jpg>]
LaTeX Font Info:    External font `cmex10' loaded for size
(Font)              <7> on input line 244.
LaTeX Font Info:    External font `cmex10' loaded for size
(Font)              <5> on input line 244.

Overfull \hbox (88.82808pt too wide) in paragraph at lines 244--251
[]$ 
 []


Overfull \hbox (159.87918pt too wide) in paragraph at lines 244--251
[]$ 
 []


Overfull \hbox (61.30885pt too wide) in paragraph at lines 244--251
[]$ 
 []


Overfull \hbox (66.5159pt too wide) in paragraph at lines 244--251
[]$ 
 []


Underfull \hbox (badness 10000) in paragraph at lines 244--251

 []

[10 <C:/Users/bryan/Downloads/merge2.jpg>]
(Tarea1_Rivera_Plascencia_Bryan_2BM2.aux)
 ***********
LaTeX2e <2023-06-01> patch level 1
L3 programming layer <2023-08-29>
 ***********
 ) 
Here is how much of TeX's memory you used:
 3201 strings out of 475247
 49299 string characters out of 5757791
 1965785 words of memory out of 5000000
 24739 multiletter control sequences out of 15000+600000
 563612 words of font info for 54 fonts, out of 8000000 for 9000
 1141 hyphenation exceptions out of 8191
 57i,6n,65p,475b,1650s stack positions out of 10000i,1000n,20000p,200000b,200000s
 <C:\Users\bryan\AppData\Local\MiKTeX\fonts/pk/ljfour/jknappen/ec/dpi600\tcrm
1000.pk><C:/Users/bryan/AppData/Local/Programs/MiKTeX/fonts/type1/public/amsfon
ts/cm/cmbx10.pfb><C:/Users/bryan/AppData/Local/Programs/MiKTeX/fonts/type1/publ
ic/amsfonts/cm/cmbx12.pfb><C:/Users/bryan/AppData/Local/Programs/MiKTeX/fonts/t
ype1/public/amsfonts/cm/cmbx9.pfb><C:/Users/bryan/AppData/Local/Programs/MiKTeX
/fonts/type1/public/amsfonts/cm/cmmi10.pfb><C:/Users/bryan/AppData/Local/Progra
ms/MiKTeX/fonts/type1/public/amsfonts/cm/cmr10.pfb><C:/Users/bryan/AppData/Loca
l/Programs/MiKTeX/fonts/type1/public/amsfonts/cm/cmr12.pfb><C:/Users/bryan/AppD
ata/Local/Programs/MiKTeX/fonts/type1/public/amsfonts/cm/cmr17.pfb><C:/Users/br
yan/AppData/Local/Programs/MiKTeX/fonts/type1/public/amsfonts/cm/cmsy10.pfb><C:
/Users/bryan/AppData/Local/Programs/MiKTeX/fonts/type1/public/amsfonts/cm/cmti1
0.pfb>
Output written on Tarea1_Rivera_Plascencia_Bryan_2BM2.pdf (10 pages, 350711 byt
es).
PDF statistics:
 90 PDF objects out of 1000 (max. 8388607)
 0 named destinations out of 1000 (max. 500000)
 21 words of extra memory for PDF output out of 10000 (max. 10000000)

